<?xml version="1.0" encoding="UTF-8"?>
<testsuite name="com.easy.archiecture.ApplicationTests" tests="1" skipped="0" failures="0" errors="0" timestamp="2021-06-25T12:14:46" hostname="wy" time="0.327">
  <properties/>
  <testcase name="test" classname="com.easy.archiecture.ApplicationTests" time="0.327"/>
  <system-out><![CDATA[20:14:45.777 [Test worker] DEBUG org.springframework.test.context.junit4.SpringJUnit4ClassRunner - SpringJUnit4ClassRunner constructor called with [class com.easy.archiecture.ApplicationTests]
20:14:45.781 [Test worker] DEBUG org.springframework.test.context.BootstrapUtils - Instantiating CacheAwareContextLoaderDelegate from class [org.springframework.test.context.cache.DefaultCacheAwareContextLoaderDelegate]
20:14:45.785 [Test worker] DEBUG org.springframework.test.context.BootstrapUtils - Instantiating BootstrapContext using constructor [public org.springframework.test.context.support.DefaultBootstrapContext(java.lang.Class,org.springframework.test.context.CacheAwareContextLoaderDelegate)]
20:14:45.807 [Test worker] DEBUG org.springframework.test.context.BootstrapUtils - Instantiating TestContextBootstrapper for test class [com.easy.archiecture.ApplicationTests] from class [org.springframework.boot.test.context.SpringBootTestContextBootstrapper]
20:14:45.816 [Test worker] INFO org.springframework.boot.test.context.SpringBootTestContextBootstrapper - Neither @ContextConfiguration nor @ContextHierarchy found for test class [com.easy.archiecture.ApplicationTests], using SpringBootContextLoader
20:14:45.818 [Test worker] DEBUG org.springframework.test.context.support.AbstractContextLoader - Did not detect default resource location for test class [com.easy.archiecture.ApplicationTests]: class path resource [com/easy/archiecture/ApplicationTests-context.xml] does not exist
20:14:45.818 [Test worker] DEBUG org.springframework.test.context.support.AbstractContextLoader - Did not detect default resource location for test class [com.easy.archiecture.ApplicationTests]: class path resource [com/easy/archiecture/ApplicationTestsContext.groovy] does not exist
20:14:45.818 [Test worker] INFO org.springframework.test.context.support.AbstractContextLoader - Could not detect default resource locations for test class [com.easy.archiecture.ApplicationTests]: no resource found for suffixes {-context.xml, Context.groovy}.
20:14:45.842 [Test worker] DEBUG org.springframework.test.context.support.ActiveProfilesUtils - Could not find an 'annotation declaring class' for annotation type [org.springframework.test.context.ActiveProfiles] and class [com.easy.archiecture.ApplicationTests]
20:14:45.914 [Test worker] DEBUG org.springframework.boot.test.context.SpringBootTestContextBootstrapper - @TestExecutionListeners is not present for class [com.easy.archiecture.ApplicationTests]: using defaults.
20:14:45.914 [Test worker] INFO org.springframework.boot.test.context.SpringBootTestContextBootstrapper - Loaded default TestExecutionListener class names from location [META-INF/spring.factories]: [org.springframework.boot.test.autoconfigure.restdocs.RestDocsTestExecutionListener, org.springframework.boot.test.autoconfigure.web.client.MockRestServiceServerResetTestExecutionListener, org.springframework.boot.test.autoconfigure.web.servlet.MockMvcPrintOnlyOnFailureTestExecutionListener, org.springframework.boot.test.autoconfigure.web.servlet.WebDriverTestExecutionListener, org.springframework.boot.test.autoconfigure.webservices.client.MockWebServiceServerTestExecutionListener, org.springframework.boot.test.mock.mockito.MockitoTestExecutionListener, org.springframework.boot.test.mock.mockito.ResetMocksTestExecutionListener, org.springframework.test.context.web.ServletTestExecutionListener, org.springframework.test.context.support.DirtiesContextBeforeModesTestExecutionListener, org.springframework.test.context.support.DependencyInjectionTestExecutionListener, org.springframework.test.context.support.DirtiesContextTestExecutionListener, org.springframework.test.context.transaction.TransactionalTestExecutionListener, org.springframework.test.context.jdbc.SqlScriptsTestExecutionListener, org.springframework.test.context.event.EventPublishingTestExecutionListener]
20:14:45.919 [Test worker] DEBUG org.springframework.boot.test.context.SpringBootTestContextBootstrapper - Skipping candidate TestExecutionListener [org.springframework.test.context.web.ServletTestExecutionListener] due to a missing dependency. Specify custom listener classes or make the default listener classes and their required dependencies available. Offending class: [javax/servlet/ServletContext]
20:14:45.923 [Test worker] INFO org.springframework.boot.test.context.SpringBootTestContextBootstrapper - Using TestExecutionListeners: [org.springframework.test.context.support.DirtiesContextBeforeModesTestExecutionListener@4774f8bb, org.springframework.boot.test.mock.mockito.MockitoTestExecutionListener@192ef1d9, org.springframework.boot.test.autoconfigure.SpringBootDependencyInjectionTestExecutionListener@43f09086, org.springframework.test.context.support.DirtiesContextTestExecutionListener@6c1fffb, org.springframework.test.context.transaction.TransactionalTestExecutionListener@66106eb8, org.springframework.test.context.jdbc.SqlScriptsTestExecutionListener@8defb9a, org.springframework.test.context.event.EventPublishingTestExecutionListener@4fed2ea7, org.springframework.boot.test.autoconfigure.restdocs.RestDocsTestExecutionListener@46da3e86, org.springframework.boot.test.autoconfigure.web.client.MockRestServiceServerResetTestExecutionListener@235afd4b, org.springframework.boot.test.autoconfigure.web.servlet.MockMvcPrintOnlyOnFailureTestExecutionListener@5ca7c091, org.springframework.boot.test.autoconfigure.web.servlet.WebDriverTestExecutionListener@7a1945b4, org.springframework.boot.test.autoconfigure.webservices.client.MockWebServiceServerTestExecutionListener@6da06a7f, org.springframework.boot.test.mock.mockito.ResetMocksTestExecutionListener@19646225]
20:14:45.924 [Test worker] DEBUG org.springframework.test.annotation.ProfileValueUtils - Retrieved @ProfileValueSourceConfiguration [null] for test class [com.easy.archiecture.ApplicationTests]
20:14:45.925 [Test worker] DEBUG org.springframework.test.annotation.ProfileValueUtils - Retrieved ProfileValueSource type [class org.springframework.test.annotation.SystemProfileValueSource] for class [com.easy.archiecture.ApplicationTests]
20:14:45.926 [Test worker] DEBUG org.springframework.test.annotation.ProfileValueUtils - Retrieved @ProfileValueSourceConfiguration [null] for test class [com.easy.archiecture.ApplicationTests]
20:14:45.926 [Test worker] DEBUG org.springframework.test.annotation.ProfileValueUtils - Retrieved ProfileValueSource type [class org.springframework.test.annotation.SystemProfileValueSource] for class [com.easy.archiecture.ApplicationTests]
20:14:45.927 [Test worker] DEBUG org.springframework.test.annotation.ProfileValueUtils - Retrieved @ProfileValueSourceConfiguration [null] for test class [com.easy.archiecture.ApplicationTests]
20:14:45.927 [Test worker] DEBUG org.springframework.test.annotation.ProfileValueUtils - Retrieved ProfileValueSource type [class org.springframework.test.annotation.SystemProfileValueSource] for class [com.easy.archiecture.ApplicationTests]
20:14:45.928 [Test worker] DEBUG org.springframework.test.annotation.ProfileValueUtils - Retrieved @ProfileValueSourceConfiguration [null] for test class [com.easy.archiecture.ApplicationTests]
20:14:45.928 [Test worker] DEBUG org.springframework.test.annotation.ProfileValueUtils - Retrieved ProfileValueSource type [class org.springframework.test.annotation.SystemProfileValueSource] for class [com.easy.archiecture.ApplicationTests]
20:14:45.929 [Test worker] DEBUG org.springframework.test.annotation.ProfileValueUtils - Retrieved @ProfileValueSourceConfiguration [null] for test class [com.easy.archiecture.ApplicationTests]
20:14:45.929 [Test worker] DEBUG org.springframework.test.annotation.ProfileValueUtils - Retrieved ProfileValueSource type [class org.springframework.test.annotation.SystemProfileValueSource] for class [com.easy.archiecture.ApplicationTests]
20:14:45.932 [Test worker] DEBUG org.springframework.test.context.support.AbstractDirtiesContextTestExecutionListener - Before test class: context [DefaultTestContext@6f228e75 testClass = ApplicationTests, testInstance = [null], testMethod = [null], testException = [null], mergedContextConfiguration = [MergedContextConfiguration@7db36efe testClass = ApplicationTests, locations = '{}', classes = '{class com.easy.archiecture.Application, class com.easy.archiecture.Application}', contextInitializerClasses = '[]', activeProfiles = '{}', propertySourceLocations = '{}', propertySourceProperties = '{org.springframework.boot.test.context.SpringBootTestContextBootstrapper=true}', contextCustomizers = set[org.springframework.boot.test.autoconfigure.properties.PropertyMappingContextCustomizer@0, org.springframework.boot.test.autoconfigure.web.servlet.WebDriverContextCustomizerFactory$Customizer@6cf64fbd, org.springframework.boot.test.context.filter.ExcludeFilterContextCustomizer@b94ea00, org.springframework.boot.test.json.DuplicateJsonObjectContextCustomizerFactory$DuplicateJsonObjectContextCustomizer@5354a061, org.springframework.boot.test.mock.mockito.MockitoContextCustomizer@0, org.springframework.boot.test.web.client.TestRestTemplateContextCustomizer@5238192c, org.springframework.boot.test.context.SpringBootTestArgs@1], contextLoader = 'org.springframework.boot.test.context.SpringBootContextLoader', parent = [null]], attributes = map[[empty]]], class annotated with @DirtiesContext [false] with mode [null].
20:14:45.933 [Test worker] DEBUG org.springframework.test.annotation.ProfileValueUtils - Retrieved @ProfileValueSourceConfiguration [null] for test class [com.easy.archiecture.ApplicationTests]
20:14:45.933 [Test worker] DEBUG org.springframework.test.annotation.ProfileValueUtils - Retrieved ProfileValueSource type [class org.springframework.test.annotation.SystemProfileValueSource] for class [com.easy.archiecture.ApplicationTests]
20:14:45.935 [Test worker] DEBUG org.springframework.test.context.support.DependencyInjectionTestExecutionListener - Performing dependency injection for test context [[DefaultTestContext@6f228e75 testClass = ApplicationTests, testInstance = com.easy.archiecture.ApplicationTests@32d8aec6, testMethod = [null], testException = [null], mergedContextConfiguration = [MergedContextConfiguration@7db36efe testClass = ApplicationTests, locations = '{}', classes = '{class com.easy.archiecture.Application, class com.easy.archiecture.Application}', contextInitializerClasses = '[]', activeProfiles = '{}', propertySourceLocations = '{}', propertySourceProperties = '{org.springframework.boot.test.context.SpringBootTestContextBootstrapper=true}', contextCustomizers = set[org.springframework.boot.test.autoconfigure.properties.PropertyMappingContextCustomizer@0, org.springframework.boot.test.autoconfigure.web.servlet.WebDriverContextCustomizerFactory$Customizer@6cf64fbd, org.springframework.boot.test.context.filter.ExcludeFilterContextCustomizer@b94ea00, org.springframework.boot.test.json.DuplicateJsonObjectContextCustomizerFactory$DuplicateJsonObjectContextCustomizer@5354a061, org.springframework.boot.test.mock.mockito.MockitoContextCustomizer@0, org.springframework.boot.test.web.client.TestRestTemplateContextCustomizer@5238192c, org.springframework.boot.test.context.SpringBootTestArgs@1], contextLoader = 'org.springframework.boot.test.context.SpringBootContextLoader', parent = [null]], attributes = map[[empty]]]].
20:14:45.950 [Test worker] DEBUG org.springframework.test.context.support.TestPropertySourceUtils - Adding inlined properties to environment: {spring.jmx.enabled=false, org.springframework.boot.test.context.SpringBootTestContextBootstrapper=true}

  .   ____          _            __ _ _
 /\\ / ___'_ __ _ _(_)_ __  __ _ \ \ \ \
( ( )\___ | '_ | '_| | '_ \/ _` | \ \ \ \
 \\/  ___)| |_)| | | | | || (_| |  ) ) ) )
  '  |____| .__|_| |_|_| |_\__, | / / / /
 =========|_|==============|___/=/_/_/_/
 :: Spring Boot ::        (v2.3.1.RELEASE)

2021-06-25 20:14:46.124  INFO 16254 --- [    Test worker] com.easy.archiecture.ApplicationTests    : Starting ApplicationTests on wy with PID 16254 (started by wy in /home/wy/文档/11-15/spring-boot-gradle-11-15/spring-boot-gradle/spring-boot-redis)
2021-06-25 20:14:46.124  INFO 16254 --- [    Test worker] com.easy.archiecture.ApplicationTests    : No active profile set, falling back to default profiles: default
2021-06-25 20:14:46.333  INFO 16254 --- [    Test worker] .s.d.r.c.RepositoryConfigurationDelegate : Multiple Spring Data modules found, entering strict repository configuration mode!
2021-06-25 20:14:46.357  INFO 16254 --- [    Test worker] .s.d.r.c.RepositoryConfigurationDelegate : Bootstrapping Spring Data Redis repositories in DEFAULT mode.
2021-06-25 20:14:46.373  INFO 16254 --- [    Test worker] .s.d.r.c.RepositoryConfigurationDelegate : Finished Spring Data repository scanning in 7ms. Found 0 Redis repository interfaces.
2021-06-25 20:14:46.926  INFO 16254 --- [    Test worker] com.easy.archiecture.ApplicationTests    : Started ApplicationTests in 0.975 seconds (JVM running for 1.439)
]]></system-out>
  <system-err><![CDATA[]]></system-err>
</testsuite>
