<?xml version="1.0" encoding="UTF-8"?>
<testsuite name="com.easy.archiecture.ApplicationTests" tests="1" skipped="0" failures="0" errors="0" timestamp="2021-06-26T02:35:23" hostname="wy" time="0.419">
  <properties/>
  <testcase name="test" classname="com.easy.archiecture.ApplicationTests" time="0.419"/>
  <system-out><![CDATA[10:35:23.121 [Test worker] DEBUG org.springframework.test.context.junit4.SpringJUnit4ClassRunner - SpringJUnit4ClassRunner constructor called with [class com.easy.archiecture.ApplicationTests]
10:35:23.125 [Test worker] DEBUG org.springframework.test.context.BootstrapUtils - Instantiating CacheAwareContextLoaderDelegate from class [org.springframework.test.context.cache.DefaultCacheAwareContextLoaderDelegate]
10:35:23.130 [Test worker] DEBUG org.springframework.test.context.BootstrapUtils - Instantiating BootstrapContext using constructor [public org.springframework.test.context.support.DefaultBootstrapContext(java.lang.Class,org.springframework.test.context.CacheAwareContextLoaderDelegate)]
10:35:23.160 [Test worker] DEBUG org.springframework.test.context.BootstrapUtils - Instantiating TestContextBootstrapper for test class [com.easy.archiecture.ApplicationTests] from class [org.springframework.boot.test.context.SpringBootTestContextBootstrapper]
10:35:23.169 [Test worker] INFO org.springframework.boot.test.context.SpringBootTestContextBootstrapper - Neither @ContextConfiguration nor @ContextHierarchy found for test class [com.easy.archiecture.ApplicationTests], using SpringBootContextLoader
10:35:23.170 [Test worker] DEBUG org.springframework.test.context.support.AbstractContextLoader - Did not detect default resource location for test class [com.easy.archiecture.ApplicationTests]: class path resource [com/easy/archiecture/ApplicationTests-context.xml] does not exist
10:35:23.171 [Test worker] DEBUG org.springframework.test.context.support.AbstractContextLoader - Did not detect default resource location for test class [com.easy.archiecture.ApplicationTests]: class path resource [com/easy/archiecture/ApplicationTestsContext.groovy] does not exist
10:35:23.171 [Test worker] INFO org.springframework.test.context.support.AbstractContextLoader - Could not detect default resource locations for test class [com.easy.archiecture.ApplicationTests]: no resource found for suffixes {-context.xml, Context.groovy}.
10:35:23.200 [Test worker] DEBUG org.springframework.test.context.support.ActiveProfilesUtils - Could not find an 'annotation declaring class' for annotation type [org.springframework.test.context.ActiveProfiles] and class [com.easy.archiecture.ApplicationTests]
10:35:23.273 [Test worker] DEBUG org.springframework.boot.test.context.SpringBootTestContextBootstrapper - @TestExecutionListeners is not present for class [com.easy.archiecture.ApplicationTests]: using defaults.
10:35:23.274 [Test worker] INFO org.springframework.boot.test.context.SpringBootTestContextBootstrapper - Loaded default TestExecutionListener class names from location [META-INF/spring.factories]: [org.springframework.boot.test.autoconfigure.restdocs.RestDocsTestExecutionListener, org.springframework.boot.test.autoconfigure.web.client.MockRestServiceServerResetTestExecutionListener, org.springframework.boot.test.autoconfigure.web.servlet.MockMvcPrintOnlyOnFailureTestExecutionListener, org.springframework.boot.test.autoconfigure.web.servlet.WebDriverTestExecutionListener, org.springframework.boot.test.autoconfigure.webservices.client.MockWebServiceServerTestExecutionListener, org.springframework.boot.test.mock.mockito.MockitoTestExecutionListener, org.springframework.boot.test.mock.mockito.ResetMocksTestExecutionListener, org.springframework.test.context.web.ServletTestExecutionListener, org.springframework.test.context.support.DirtiesContextBeforeModesTestExecutionListener, org.springframework.test.context.support.DependencyInjectionTestExecutionListener, org.springframework.test.context.support.DirtiesContextTestExecutionListener, org.springframework.test.context.transaction.TransactionalTestExecutionListener, org.springframework.test.context.jdbc.SqlScriptsTestExecutionListener, org.springframework.test.context.event.EventPublishingTestExecutionListener]
10:35:23.279 [Test worker] DEBUG org.springframework.boot.test.context.SpringBootTestContextBootstrapper - Skipping candidate TestExecutionListener [org.springframework.test.context.web.ServletTestExecutionListener] due to a missing dependency. Specify custom listener classes or make the default listener classes and their required dependencies available. Offending class: [javax/servlet/ServletContext]
10:35:23.283 [Test worker] INFO org.springframework.boot.test.context.SpringBootTestContextBootstrapper - Using TestExecutionListeners: [org.springframework.test.context.support.DirtiesContextBeforeModesTestExecutionListener@30122892, org.springframework.boot.test.mock.mockito.MockitoTestExecutionListener@42e46b49, org.springframework.boot.test.autoconfigure.SpringBootDependencyInjectionTestExecutionListener@52182428, org.springframework.test.context.support.DirtiesContextTestExecutionListener@2200514f, org.springframework.test.context.transaction.TransactionalTestExecutionListener@377ab25, org.springframework.test.context.jdbc.SqlScriptsTestExecutionListener@62a82621, org.springframework.test.context.event.EventPublishingTestExecutionListener@71826738, org.springframework.boot.test.autoconfigure.restdocs.RestDocsTestExecutionListener@51a8da6e, org.springframework.boot.test.autoconfigure.web.client.MockRestServiceServerResetTestExecutionListener@6fb87dfd, org.springframework.boot.test.autoconfigure.web.servlet.MockMvcPrintOnlyOnFailureTestExecutionListener@4c82c705, org.springframework.boot.test.autoconfigure.web.servlet.WebDriverTestExecutionListener@2edbc20a, org.springframework.boot.test.autoconfigure.webservices.client.MockWebServiceServerTestExecutionListener@39b71615, org.springframework.boot.test.mock.mockito.ResetMocksTestExecutionListener@154cd34b]
10:35:23.284 [Test worker] DEBUG org.springframework.test.annotation.ProfileValueUtils - Retrieved @ProfileValueSourceConfiguration [null] for test class [com.easy.archiecture.ApplicationTests]
10:35:23.285 [Test worker] DEBUG org.springframework.test.annotation.ProfileValueUtils - Retrieved ProfileValueSource type [class org.springframework.test.annotation.SystemProfileValueSource] for class [com.easy.archiecture.ApplicationTests]
10:35:23.286 [Test worker] DEBUG org.springframework.test.annotation.ProfileValueUtils - Retrieved @ProfileValueSourceConfiguration [null] for test class [com.easy.archiecture.ApplicationTests]
10:35:23.286 [Test worker] DEBUG org.springframework.test.annotation.ProfileValueUtils - Retrieved ProfileValueSource type [class org.springframework.test.annotation.SystemProfileValueSource] for class [com.easy.archiecture.ApplicationTests]
10:35:23.288 [Test worker] DEBUG org.springframework.test.annotation.ProfileValueUtils - Retrieved @ProfileValueSourceConfiguration [null] for test class [com.easy.archiecture.ApplicationTests]
10:35:23.288 [Test worker] DEBUG org.springframework.test.annotation.ProfileValueUtils - Retrieved ProfileValueSource type [class org.springframework.test.annotation.SystemProfileValueSource] for class [com.easy.archiecture.ApplicationTests]
10:35:23.290 [Test worker] DEBUG org.springframework.test.annotation.ProfileValueUtils - Retrieved @ProfileValueSourceConfiguration [null] for test class [com.easy.archiecture.ApplicationTests]
10:35:23.290 [Test worker] DEBUG org.springframework.test.annotation.ProfileValueUtils - Retrieved ProfileValueSource type [class org.springframework.test.annotation.SystemProfileValueSource] for class [com.easy.archiecture.ApplicationTests]
10:35:23.290 [Test worker] DEBUG org.springframework.test.annotation.ProfileValueUtils - Retrieved @ProfileValueSourceConfiguration [null] for test class [com.easy.archiecture.ApplicationTests]
10:35:23.290 [Test worker] DEBUG org.springframework.test.annotation.ProfileValueUtils - Retrieved ProfileValueSource type [class org.springframework.test.annotation.SystemProfileValueSource] for class [com.easy.archiecture.ApplicationTests]
10:35:23.293 [Test worker] DEBUG org.springframework.test.context.support.AbstractDirtiesContextTestExecutionListener - Before test class: context [DefaultTestContext@22e676ac testClass = ApplicationTests, testInstance = [null], testMethod = [null], testException = [null], mergedContextConfiguration = [MergedContextConfiguration@5fd070c6 testClass = ApplicationTests, locations = '{}', classes = '{class com.easy.archiecture.Application, class com.easy.archiecture.Application}', contextInitializerClasses = '[]', activeProfiles = '{}', propertySourceLocations = '{}', propertySourceProperties = '{org.springframework.boot.test.context.SpringBootTestContextBootstrapper=true}', contextCustomizers = set[org.springframework.boot.test.autoconfigure.properties.PropertyMappingContextCustomizer@0, org.springframework.boot.test.autoconfigure.web.servlet.WebDriverContextCustomizerFactory$Customizer@2ec0818f, org.springframework.boot.test.context.filter.ExcludeFilterContextCustomizer@984223e, org.springframework.boot.test.json.DuplicateJsonObjectContextCustomizerFactory$DuplicateJsonObjectContextCustomizer@6a6f9442, org.springframework.boot.test.mock.mockito.MockitoContextCustomizer@0, org.springframework.boot.test.web.client.TestRestTemplateContextCustomizer@464c950b, org.springframework.boot.test.context.SpringBootTestArgs@1], contextLoader = 'org.springframework.boot.test.context.SpringBootContextLoader', parent = [null]], attributes = map[[empty]]], class annotated with @DirtiesContext [false] with mode [null].
10:35:23.294 [Test worker] DEBUG org.springframework.test.annotation.ProfileValueUtils - Retrieved @ProfileValueSourceConfiguration [null] for test class [com.easy.archiecture.ApplicationTests]
10:35:23.294 [Test worker] DEBUG org.springframework.test.annotation.ProfileValueUtils - Retrieved ProfileValueSource type [class org.springframework.test.annotation.SystemProfileValueSource] for class [com.easy.archiecture.ApplicationTests]
10:35:23.296 [Test worker] DEBUG org.springframework.test.context.support.DependencyInjectionTestExecutionListener - Performing dependency injection for test context [[DefaultTestContext@22e676ac testClass = ApplicationTests, testInstance = com.easy.archiecture.ApplicationTests@1c67ef2c, testMethod = [null], testException = [null], mergedContextConfiguration = [MergedContextConfiguration@5fd070c6 testClass = ApplicationTests, locations = '{}', classes = '{class com.easy.archiecture.Application, class com.easy.archiecture.Application}', contextInitializerClasses = '[]', activeProfiles = '{}', propertySourceLocations = '{}', propertySourceProperties = '{org.springframework.boot.test.context.SpringBootTestContextBootstrapper=true}', contextCustomizers = set[org.springframework.boot.test.autoconfigure.properties.PropertyMappingContextCustomizer@0, org.springframework.boot.test.autoconfigure.web.servlet.WebDriverContextCustomizerFactory$Customizer@2ec0818f, org.springframework.boot.test.context.filter.ExcludeFilterContextCustomizer@984223e, org.springframework.boot.test.json.DuplicateJsonObjectContextCustomizerFactory$DuplicateJsonObjectContextCustomizer@6a6f9442, org.springframework.boot.test.mock.mockito.MockitoContextCustomizer@0, org.springframework.boot.test.web.client.TestRestTemplateContextCustomizer@464c950b, org.springframework.boot.test.context.SpringBootTestArgs@1], contextLoader = 'org.springframework.boot.test.context.SpringBootContextLoader', parent = [null]], attributes = map[[empty]]]].
10:35:23.310 [Test worker] DEBUG org.springframework.test.context.support.TestPropertySourceUtils - Adding inlined properties to environment: {spring.jmx.enabled=false, org.springframework.boot.test.context.SpringBootTestContextBootstrapper=true}

  .   ____          _            __ _ _
 /\\ / ___'_ __ _ _(_)_ __  __ _ \ \ \ \
( ( )\___ | '_ | '_| | '_ \/ _` | \ \ \ \
 \\/  ___)| |_)| | | | | || (_| |  ) ) ) )
  '  |____| .__|_| |_|_| |_\__, | / / / /
 =========|_|==============|___/=/_/_/_/
 :: Spring Boot ::        (v2.3.1.RELEASE)

2021-06-26 10:35:23.506  INFO 20535 --- [    Test worker] com.easy.archiecture.ApplicationTests    : Starting ApplicationTests on wy with PID 20535 (started by wy in /home/wy/文档/11-15/spring-boot-gradle-11-15/spring-boot-gradle/spring-boot-jdbc)
2021-06-26 10:35:23.507  INFO 20535 --- [    Test worker] com.easy.archiecture.ApplicationTests    : No active profile set, falling back to default profiles: default
2021-06-26 10:35:23.986  INFO 20535 --- [    Test worker] com.easy.archiecture.ApplicationTests    : Started ApplicationTests in 0.675 seconds (JVM running for 1.238)
2021-06-26 10:35:24.077  INFO 20535 --- [    Test worker] com.zaxxer.hikari.HikariDataSource       : HikariPool-1 - Starting...
2021-06-26 10:35:24.359  INFO 20535 --- [    Test worker] com.zaxxer.hikari.HikariDataSource       : HikariPool-1 - Start completed.
]]></system-out>
  <system-err><![CDATA[]]></system-err>
</testsuite>
